<?xml version="1.0" encoding="UTF-8"?>
<!-- Generated by org.testng.reporters.JUnitReportReporter -->
<testsuite hostname="DESKTOP-205DMUP" failures="0" tests="2" name="FirstAppiumPackage.ProductToCart" time="25.313" errors="0" timestamp="2024-05-20T13:05:00 IST" skipped="0">
  <testcase classname="FirstAppiumPackage.ProductToCart" name="fillForm" time="10.052"/>
  <testcase classname="FirstAppiumPackage.ProductToCart" name="cart" time="15.261"/>
</testsuite> <!-- FirstAppiumPackage.ProductToCart -->
